<?xml version="1.0" encoding="UTF-8"?>
<!-- Generated by org.testng.reporters.JUnitXMLReporter -->
<testsuite ignored="0" hostname="DESKTOP-UP6N2IR" failures="0" tests="8" name="Firefox" time="0.118" errors="0" timestamp="14 Feb 2023 16:22:30 GMT">
  <testcase classname="testNgPack.TestNGFormClass" name="@BeforeClass openBrowser" time="0.0">
    <failure type="org.testng.TestNGException" message="
Can inject only one of &amp;lt;ITestContext, XmlTest&amp;gt; into a @BeforeClass annotated openBrowser.
For more information on native dependency injection please refer to http://testng.org/doc/documentation-main.html#native-dependency-injection">
      <![CDATA[org.testng.TestNGException: 
Can inject only one of <ITestContext, XmlTest> into a @BeforeClass annotated openBrowser.
For more information on native dependency injection please refer to http://testng.org/doc/documentation-main.html#native-dependency-injection
at java.base/java.util.concurrent.ThreadPoolExecutor.runWorker(ThreadPoolExecutor.java:1136)
at java.base/java.util.concurrent.ThreadPoolExecutor$Worker.run(ThreadPoolExecutor.java:635)
at java.base/java.lang.Thread.run(Thread.java:833)
... Removed 8 stack frames]]>
    </failure>
  </testcase> <!-- @BeforeClass openBrowser -->
  <testcase classname="testNgPack.TestNGClass" name="@BeforeClass openBrowser" time="0.0">
    <failure type="org.testng.TestNGException" message="
Can inject only one of &amp;lt;ITestContext, XmlTest&amp;gt; into a @BeforeClass annotated openBrowser.
For more information on native dependency injection please refer to http://testng.org/doc/documentation-main.html#native-dependency-injection">
      <![CDATA[org.testng.TestNGException: 
Can inject only one of <ITestContext, XmlTest> into a @BeforeClass annotated openBrowser.
For more information on native dependency injection please refer to http://testng.org/doc/documentation-main.html#native-dependency-injection
at java.base/java.util.concurrent.ThreadPoolExecutor.runWorker(ThreadPoolExecutor.java:1136)
at java.base/java.util.concurrent.ThreadPoolExecutor$Worker.run(ThreadPoolExecutor.java:635)
at java.base/java.lang.Thread.run(Thread.java:833)
... Removed 8 stack frames]]>
    </failure>
  </testcase> <!-- @BeforeClass openBrowser -->
  <testcase classname="testNgPack.TestNGFormClass" name="@BeforeMethod openSignUpPage" time="0.0">
    <skipped/>
  </testcase> <!-- @BeforeMethod openSignUpPage -->
  <testcase classname="testNgPack.TestNGClass" name="@BeforeMethod openSignUpPage" time="0.0">
    <skipped/>
  </testcase> <!-- @BeforeMethod openSignUpPage -->
  <testcase classname="testNgPack.TestNGFormClass" name="@BeforeMethod openSignUpPage" time="0.0">
    <skipped/>
  </testcase> <!-- @BeforeMethod openSignUpPage -->
  <testcase classname="testNgPack.TestNGClass" name="@AfterMethod closedCurrentTab" time="0.0">
    <skipped/>
  </testcase> <!-- @AfterMethod closedCurrentTab -->
  <testcase classname="testNgPack.TestNGClass" name="@BeforeMethod openSignUpPage" time="0.0">
    <skipped/>
  </testcase> <!-- @BeforeMethod openSignUpPage -->
  <testcase classname="testNgPack.TestNGFormClass" name="@BeforeMethod openSignUpPage" time="0.0">
    <skipped/>
  </testcase> <!-- @BeforeMethod openSignUpPage -->
  <testcase classname="testNgPack.TestNGClass" name="@AfterMethod closedCurrentTab" time="0.0">
    <skipped/>
  </testcase> <!-- @AfterMethod closedCurrentTab -->
  <testcase classname="testNgPack.TestNGFormClass" name="@BeforeMethod openSignUpPage" time="0.0">
    <skipped/>
  </testcase> <!-- @BeforeMethod openSignUpPage -->
  <testcase classname="testNgPack.TestNGClass" name="@BeforeMethod openSignUpPage" time="0.0">
    <skipped/>
  </testcase> <!-- @BeforeMethod openSignUpPage -->
  <testcase classname="testNgPack.TestNGFormClass" name="@BeforeMethod openSignUpPage" time="0.0">
    <skipped/>
  </testcase> <!-- @BeforeMethod openSignUpPage -->
  <testcase classname="testNgPack.TestNGClass" name="@AfterMethod closedCurrentTab" time="0.0">
    <skipped/>
  </testcase> <!-- @AfterMethod closedCurrentTab -->
  <testcase classname="testNgPack.TestNGClass" name="@AfterClass afterClass" time="0.0">
    <skipped/>
  </testcase> <!-- @AfterClass afterClass -->
  <testcase classname="testNgPack.TestNGFormClass" name="verifyFirstName" time="0.0">
    <skipped/>
  </testcase> <!-- verifyFirstName -->
  <testcase classname="testNgPack.TestNGClass" name="verifyCookiesPolicylink" time="0.0">
    <skipped/>
  </testcase> <!-- verifyCookiesPolicylink -->
  <testcase classname="testNgPack.TestNGFormClass" name="verifyLastName" time="0.0">
    <skipped/>
  </testcase> <!-- verifyLastName -->
  <testcase classname="testNgPack.TestNGClass" name="verifyPrivacyPolicylink" time="0.0">
    <skipped/>
  </testcase> <!-- verifyPrivacyPolicylink -->
  <testcase classname="testNgPack.TestNGFormClass" name="verifyMobileNo" time="0.0">
    <skipped/>
  </testcase> <!-- verifyMobileNo -->
  <testcase classname="testNgPack.TestNGFormClass" name="verifyPassword" time="0.0">
    <skipped/>
  </testcase> <!-- verifyPassword -->
  <testcase classname="testNgPack.TestNGClass" name="verifyTermsLink" time="0.0">
    <skipped/>
  </testcase> <!-- verifyTermsLink -->
  <testcase classname="testNgPack.TestNGFormClass" name="verifyRadioButton" time="0.0">
    <skipped/>
  </testcase> <!-- verifyRadioButton -->
</testsuite> <!-- Firefox -->
